{
  "RSpec": {
    "coverage": {
      "/home/anita/soa2023/starup2023flight/require_app.rb": {
        "lines": [
          null,
          null,
          null,
          null,
          null,
          null,
          null,
          null,
          1,
          6,
          1,
          null,
          1,
          2,
          null,
          null
        ]
      },
      "/home/anita/soa2023/starup2023flight/config/environment.rb": {
        "lines": [
          null,
          null,
          1,
          1,
          1,
          1,
          1,
          1,
          null,
          null,
          1,
          null,
          1,
          1,
          null,
          null,
          1,
          null,
          null,
          null,
          1,
          1,
          null,
          1,
          null,
          null,
          1,
          1,
          1,
          null,
          null,
          null,
          1,
          1,
          null,
          null,
          1,
          1,
          null,
          null
        ]
      },
      "/home/anita/soa2023/starup2023flight/app/infrastructure/database/hashtag_orm.rb": {
        "lines": [
          null,
          null,
          null,
          1,
          null,
          1,
          1,
          null,
          1,
          0,
          null,
          null,
          null,
          null,
          0,
          null,
          null,
          null,
          null,
          null
        ]
      }
    },
    "timestamp": 1700408548
  }
}
